<?xml version="1.0" encoding="UTF-8"?>
<!-- Generated by org.testng.reporters.JUnitXMLReporter -->
<testsuite ignored="19" hostname="LAPTOP-R8VBPGHT" failures="0" tests="12" name="Smoke Test one" time="24.305" errors="0" timestamp="28 Mar 2022 14:06:44 GMT">
  <testcase classname="testScenarios.DisplayBookshelves" name="testCaseReadJSON" time="0.051"/>
  <testcase classname="testScenarios.DisplayBookshelves" name="clickOnBookShelvesMenu" time="3.842"/>
  <testcase classname="testScenarios.DisplayBookshelves" name="closePopUp" time="2.853"/>
  <testcase classname="testScenarios.DisplayBookshelves" name="mouseHoverToPriceFilter" time="0.685"/>
  <testcase classname="testScenarios.DisplayBookshelves" name="waitForDragAndDropVisibility" time="0.201"/>
  <testcase classname="testScenarios.DisplayBookshelves" name="dragAndDropOfPriceFilter" time="1.193"/>
  <testcase classname="testScenarios.DisplayBookshelves" name="mouseHoverToStrogeTypFilter" time="0.17"/>
  <testcase classname="testScenarios.DisplayBookshelves" name="openAsStorageType" time="0.068"/>
  <testcase classname="testScenarios.DisplayBookshelves" name="enablingExcludeOutOfStock" time="0.048"/>
  <testcase classname="testScenarios.DisplayBookshelves" name="collectingBookShelvesList" time="6.857"/>
  <testcase classname="testScenarios.DisplayBookshelves" name="displayingBookShelves" time="0.001"/>
  <testcase classname="testScenarios.DisplayBookshelves" name="screenShotOfBookShelves" time="1.065"/>
  <testcase classname="testScenarios.DisplayBookshelves" name="enterMessage" time="0.0">
    <ignored/>
  </testcase> <!-- enterMessage -->
  <testcase classname="testScenarios.DisplayBookshelves" name="screenShotOfErrorMessage" time="0.0">
    <ignored/>
  </testcase> <!-- screenShotOfErrorMessage -->
  <testcase classname="testScenarios.DisplayBookshelves" name="enterCustomerEmail" time="0.0">
    <ignored/>
  </testcase> <!-- enterCustomerEmail -->
  <testcase classname="testScenarios.DisplayBookshelves" name="enteringAmount" time="0.0">
    <ignored/>
  </testcase> <!-- enteringAmount -->
  <testcase classname="testScenarios.DisplayBookshelves" name="enterCustomerName" time="0.0">
    <ignored/>
  </testcase> <!-- enterCustomerName -->
  <testcase classname="testScenarios.DisplayBookshelves" name="mouseHoverOfBrandFilter" time="0.0">
    <ignored/>
  </testcase> <!-- mouseHoverOfBrandFilter -->
  <testcase classname="testScenarios.DisplayBookshelves" name="clickOnBirthdayOrAnniversary" time="0.0">
    <ignored/>
  </testcase> <!-- clickOnBirthdayOrAnniversary -->
  <testcase classname="testScenarios.DisplayBookshelves" name="displayErrorMessage" time="0.0">
    <ignored/>
  </testcase> <!-- displayErrorMessage -->
  <testcase classname="testScenarios.DisplayBookshelves" name="enterCustomerMobileNumber" time="0.0">
    <ignored/>
  </testcase> <!-- enterCustomerMobileNumber -->
  <testcase classname="testScenarios.DisplayBookshelves" name="clickOnConfirm" time="0.0">
    <ignored/>
  </testcase> <!-- clickOnConfirm -->
  <testcase classname="testScenarios.DisplayBookshelves" name="displayingByAtHomeBookShelves" time="0.0">
    <ignored/>
  </testcase> <!-- displayingByAtHomeBookShelves -->
  <testcase classname="testScenarios.DisplayBookshelves" name="clickOnNext" time="0.0">
    <ignored/>
  </testcase> <!-- clickOnNext -->
  <testcase classname="testScenarios.DisplayBookshelves" name="byAtHomeBookShelvesList" time="0.0">
    <ignored/>
  </testcase> <!-- byAtHomeBookShelvesList -->
  <testcase classname="testScenarios.DisplayBookshelves" name="screenShotOfByAtHomeBookShelves" time="0.0">
    <ignored/>
  </testcase> <!-- screenShotOfByAtHomeBookShelves -->
  <testcase classname="testScenarios.DisplayBookshelves" name="waitForGiftCardVisibility" time="0.0">
    <ignored/>
  </testcase> <!-- waitForGiftCardVisibility -->
  <testcase classname="testScenarios.DisplayBookshelves" name="clickOnByAtHomeAsBrand" time="0.0">
    <ignored/>
  </testcase> <!-- clickOnByAtHomeAsBrand -->
  <testcase classname="testScenarios.DisplayBookshelves" name="clickOnGiftCard" time="0.0">
    <ignored/>
  </testcase> <!-- clickOnGiftCard -->
  <testcase classname="testScenarios.DisplayBookshelves" name="enterRecipientEmail" time="0.0">
    <ignored/>
  </testcase> <!-- enterRecipientEmail -->
  <testcase classname="testScenarios.DisplayBookshelves" name="enterRecipientName" time="0.0">
    <ignored/>
  </testcase> <!-- enterRecipientName -->
</testsuite> <!-- Smoke Test one -->
