<?xml version="1.0" encoding="UTF-8"?>
<!-- Generated by org.testng.reporters.JUnitXMLReporter -->
<testsuite ignored="17" hostname="LAPTOP-R8VBPGHT" failures="0" tests="14" name="Smoke Test two" time="12.525" errors="0" timestamp="28 Mar 2022 14:06:59 GMT">
  <testcase classname="testScenarios.DisplayBookshelves" name="waitForGiftCardVisibility" time="0.511"/>
  <testcase classname="testScenarios.DisplayBookshelves" name="clickOnGiftCard" time="3.28"/>
  <testcase classname="testScenarios.DisplayBookshelves" name="clickOnBirthdayOrAnniversary" time="0.305"/>
  <testcase classname="testScenarios.DisplayBookshelves" name="enteringAmount" time="0.566"/>
  <testcase classname="testScenarios.DisplayBookshelves" name="clickOnNext" time="0.183"/>
  <testcase classname="testScenarios.DisplayBookshelves" name="enterRecipientName" time="0.365"/>
  <testcase classname="testScenarios.DisplayBookshelves" name="enterRecipientEmail" time="0.202"/>
  <testcase classname="testScenarios.DisplayBookshelves" name="enterCustomerName" time="0.437"/>
  <testcase classname="testScenarios.DisplayBookshelves" name="enterCustomerEmail" time="0.239"/>
  <testcase classname="testScenarios.DisplayBookshelves" name="enterCustomerMobileNumber" time="0.31"/>
  <testcase classname="testScenarios.DisplayBookshelves" name="enterMessage" time="0.196"/>
  <testcase classname="testScenarios.DisplayBookshelves" name="clickOnConfirm" time="0.221"/>
  <testcase classname="testScenarios.DisplayBookshelves" name="screenShotOfErrorMessage" time="0.936"/>
  <testcase classname="testScenarios.DisplayBookshelves" name="displayErrorMessage" time="0.048"/>
  <testcase classname="testScenarios.DisplayBookshelves" name="mouseHoverToPriceFilter" time="0.0">
    <ignored/>
  </testcase> <!-- mouseHoverToPriceFilter -->
  <testcase classname="testScenarios.DisplayBookshelves" name="dragAndDropOfPriceFilter" time="0.0">
    <ignored/>
  </testcase> <!-- dragAndDropOfPriceFilter -->
  <testcase classname="testScenarios.DisplayBookshelves" name="screenShotOfBookShelves" time="0.0">
    <ignored/>
  </testcase> <!-- screenShotOfBookShelves -->
  <testcase classname="testScenarios.DisplayBookshelves" name="openAsStorageType" time="0.0">
    <ignored/>
  </testcase> <!-- openAsStorageType -->
  <testcase classname="testScenarios.DisplayBookshelves" name="testCaseReadJSON" time="0.0">
    <ignored/>
  </testcase> <!-- testCaseReadJSON -->
  <testcase classname="testScenarios.DisplayBookshelves" name="mouseHoverOfBrandFilter" time="0.0">
    <ignored/>
  </testcase> <!-- mouseHoverOfBrandFilter -->
  <testcase classname="testScenarios.DisplayBookshelves" name="collectingBookShelvesList" time="0.0">
    <ignored/>
  </testcase> <!-- collectingBookShelvesList -->
  <testcase classname="testScenarios.DisplayBookshelves" name="displayingByAtHomeBookShelves" time="0.0">
    <ignored/>
  </testcase> <!-- displayingByAtHomeBookShelves -->
  <testcase classname="testScenarios.DisplayBookshelves" name="displayingBookShelves" time="0.0">
    <ignored/>
  </testcase> <!-- displayingBookShelves -->
  <testcase classname="testScenarios.DisplayBookshelves" name="waitForDragAndDropVisibility" time="0.0">
    <ignored/>
  </testcase> <!-- waitForDragAndDropVisibility -->
  <testcase classname="testScenarios.DisplayBookshelves" name="byAtHomeBookShelvesList" time="0.0">
    <ignored/>
  </testcase> <!-- byAtHomeBookShelvesList -->
  <testcase classname="testScenarios.DisplayBookshelves" name="screenShotOfByAtHomeBookShelves" time="0.0">
    <ignored/>
  </testcase> <!-- screenShotOfByAtHomeBookShelves -->
  <testcase classname="testScenarios.DisplayBookshelves" name="clickOnByAtHomeAsBrand" time="0.0">
    <ignored/>
  </testcase> <!-- clickOnByAtHomeAsBrand -->
  <testcase classname="testScenarios.DisplayBookshelves" name="closePopUp" time="0.0">
    <ignored/>
  </testcase> <!-- closePopUp -->
  <testcase classname="testScenarios.DisplayBookshelves" name="mouseHoverToStrogeTypFilter" time="0.0">
    <ignored/>
  </testcase> <!-- mouseHoverToStrogeTypFilter -->
  <testcase classname="testScenarios.DisplayBookshelves" name="enablingExcludeOutOfStock" time="0.0">
    <ignored/>
  </testcase> <!-- enablingExcludeOutOfStock -->
  <testcase classname="testScenarios.DisplayBookshelves" name="clickOnBookShelvesMenu" time="0.0">
    <ignored/>
  </testcase> <!-- clickOnBookShelvesMenu -->
</testsuite> <!-- Smoke Test two -->
