<?xml version="1.0" encoding="UTF-8"?>
<testsuite xmlns:xsi="http://www.w3.org/2001/XMLSchema-instance" xsi:noNamespaceSchemaLocation="https://maven.apache.org/surefire/maven-surefire-plugin/xsd/surefire-test-report.xsd" name="TestSuite" time="39.907" tests="31" errors="0" skipped="0" failures="0">
  <properties>
[...]
</properties>
  <testcase name="testCaseReadJSON" classname="testScenarios.DisplayBookshelves" time="0.057"/>
  <testcase name="clickOnBookShelvesMenu" classname="testScenarios.DisplayBookshelves" time="3.837"/>
  <testcase name="closePopUp" classname="testScenarios.DisplayBookshelves" time="2.852"/>
  <testcase name="mouseHoverToPriceFilter" classname="testScenarios.DisplayBookshelves" time="0.685"/>
  <testcase name="waitForDragAndDropVisibility" classname="testScenarios.DisplayBookshelves" time="0.202"/>
  <testcase name="dragAndDropOfPriceFilter" classname="testScenarios.DisplayBookshelves" time="1.194"/>
  <testcase name="mouseHoverToStrogeTypFilter" classname="testScenarios.DisplayBookshelves" time="0.17"/>
  <testcase name="openAsStorageType" classname="testScenarios.DisplayBookshelves" time="0.068"/>
  <testcase name="enablingExcludeOutOfStock" classname="testScenarios.DisplayBookshelves" time="0.048"/>
  <testcase name="collectingBookShelvesList" classname="testScenarios.DisplayBookshelves" time="6.859"/>
  <testcase name="displayingBookShelves" classname="testScenarios.DisplayBookshelves" time="0.002"/>
  <testcase name="screenShotOfBookShelves" classname="testScenarios.DisplayBookshelves" time="1.063"/>
  <testcase name="mouseHoverOfBrandFilter" classname="testScenarios.DisplayBookshelves" time="0.198"/>
  <testcase name="clickOnByAtHomeAsBrand" classname="testScenarios.DisplayBookshelves" time="0.143"/>
  <testcase name="byAtHomeBookShelvesList" classname="testScenarios.DisplayBookshelves" time="0.426"/>
  <testcase name="displayingByAtHomeBookShelves" classname="testScenarios.DisplayBookshelves" time="0.311"/>
  <testcase name="screenShotOfByAtHomeBookShelves" classname="testScenarios.DisplayBookshelves" time="1.322"/>
  <testcase name="waitForGiftCardVisibility" classname="testScenarios.DisplayBookshelves" time="0.51"/>
  <testcase name="clickOnGiftCard" classname="testScenarios.DisplayBookshelves" time="3.282"/>
  <testcase name="clickOnBirthdayOrAnniversary" classname="testScenarios.DisplayBookshelves" time="0.31"/>
  <testcase name="enteringAmount" classname="testScenarios.DisplayBookshelves" time="0.561"/>
  <testcase name="clickOnNext" classname="testScenarios.DisplayBookshelves" time="0.183"/>
  <testcase name="enterRecipientName" classname="testScenarios.DisplayBookshelves" time="0.363"/>
  <testcase name="enterRecipientEmail" classname="testScenarios.DisplayBookshelves" time="0.21"/>
  <testcase name="enterCustomerName" classname="testScenarios.DisplayBookshelves" time="0.43"/>
  <testcase name="enterCustomerEmail" classname="testScenarios.DisplayBookshelves" time="0.239"/>
  <testcase name="enterCustomerMobileNumber" classname="testScenarios.DisplayBookshelves" time="0.31"/>
  <testcase name="enterMessage" classname="testScenarios.DisplayBookshelves" time="0.197"/>
  <testcase name="clickOnConfirm" classname="testScenarios.DisplayBookshelves" time="0.224"/>
  <testcase name="screenShotOfErrorMessage" classname="testScenarios.DisplayBookshelves" time="0.934"/>
  <testcase name="displayErrorMessage" classname="testScenarios.DisplayBookshelves" time="0.052"/>
</testsuite>