<?xml version="1.0" encoding="UTF-8"?>
<testng-results ignored="62" total="93" passed="31" failed="0" skipped="0">
  <reporter-output>
  </reporter-output>
  <suite started-at="2022-03-28T14:06:19Z" name="Funtional Testing" finished-at="2022-03-28T14:06:59Z" duration-ms="39377">
    <groups>
      <group name="Smoke Test two">
        <method signature="DisplayBookshelves.clickOnBirthdayOrAnniversary()[pri:19, instance:testScenarios.DisplayBookshelves@11fc564b]" name="clickOnBirthdayOrAnniversary" class="testScenarios.DisplayBookshelves"/>
        <method signature="DisplayBookshelves.clickOnConfirm()[pri:28, instance:testScenarios.DisplayBookshelves@11fc564b]" name="clickOnConfirm" class="testScenarios.DisplayBookshelves"/>
        <method signature="DisplayBookshelves.clickOnGiftCard()[pri:18, instance:testScenarios.DisplayBookshelves@11fc564b]" name="clickOnGiftCard" class="testScenarios.DisplayBookshelves"/>
        <method signature="DisplayBookshelves.clickOnNext()[pri:21, instance:testScenarios.DisplayBookshelves@11fc564b]" name="clickOnNext" class="testScenarios.DisplayBookshelves"/>
        <method signature="DisplayBookshelves.displayErrorMessage()[pri:30, instance:testScenarios.DisplayBookshelves@11fc564b]" name="displayErrorMessage" class="testScenarios.DisplayBookshelves"/>
        <method signature="DisplayBookshelves.enterCustomerEmail()[pri:25, instance:testScenarios.DisplayBookshelves@11fc564b]" name="enterCustomerEmail" class="testScenarios.DisplayBookshelves"/>
        <method signature="DisplayBookshelves.enterCustomerMobileNumber()[pri:26, instance:testScenarios.DisplayBookshelves@11fc564b]" name="enterCustomerMobileNumber" class="testScenarios.DisplayBookshelves"/>
        <method signature="DisplayBookshelves.enterCustomerName()[pri:24, instance:testScenarios.DisplayBookshelves@11fc564b]" name="enterCustomerName" class="testScenarios.DisplayBookshelves"/>
        <method signature="DisplayBookshelves.enterMessage()[pri:27, instance:testScenarios.DisplayBookshelves@11fc564b]" name="enterMessage" class="testScenarios.DisplayBookshelves"/>
        <method signature="DisplayBookshelves.enterRecipientEmail()[pri:23, instance:testScenarios.DisplayBookshelves@11fc564b]" name="enterRecipientEmail" class="testScenarios.DisplayBookshelves"/>
        <method signature="DisplayBookshelves.enterRecipientName()[pri:22, instance:testScenarios.DisplayBookshelves@11fc564b]" name="enterRecipientName" class="testScenarios.DisplayBookshelves"/>
        <method signature="DisplayBookshelves.enteringAmount()[pri:20, instance:testScenarios.DisplayBookshelves@11fc564b]" name="enteringAmount" class="testScenarios.DisplayBookshelves"/>
        <method signature="DisplayBookshelves.screenShotOfErrorMessage()[pri:29, instance:testScenarios.DisplayBookshelves@11fc564b]" name="screenShotOfErrorMessage" class="testScenarios.DisplayBookshelves"/>
        <method signature="DisplayBookshelves.waitForGiftCardVisibility()[pri:17, instance:testScenarios.DisplayBookshelves@11fc564b]" name="waitForGiftCardVisibility" class="testScenarios.DisplayBookshelves"/>
      </group> <!-- Smoke Test two -->
      <group name="Smoke Test one">
        <method signature="DisplayBookshelves.clickOnBookShelvesMenu()[pri:1, instance:testScenarios.DisplayBookshelves@38102d01]" name="clickOnBookShelvesMenu" class="testScenarios.DisplayBookshelves"/>
        <method signature="DisplayBookshelves.closePopUp()[pri:2, instance:testScenarios.DisplayBookshelves@38102d01]" name="closePopUp" class="testScenarios.DisplayBookshelves"/>
        <method signature="DisplayBookshelves.collectingBookShelvesList()[pri:9, instance:testScenarios.DisplayBookshelves@38102d01]" name="collectingBookShelvesList" class="testScenarios.DisplayBookshelves"/>
        <method signature="DisplayBookshelves.displayingBookShelves()[pri:10, instance:testScenarios.DisplayBookshelves@38102d01]" name="displayingBookShelves" class="testScenarios.DisplayBookshelves"/>
        <method signature="DisplayBookshelves.dragAndDropOfPriceFilter()[pri:5, instance:testScenarios.DisplayBookshelves@38102d01]" name="dragAndDropOfPriceFilter" class="testScenarios.DisplayBookshelves"/>
        <method signature="DisplayBookshelves.enablingExcludeOutOfStock()[pri:8, instance:testScenarios.DisplayBookshelves@38102d01]" name="enablingExcludeOutOfStock" class="testScenarios.DisplayBookshelves"/>
        <method signature="DisplayBookshelves.mouseHoverToPriceFilter()[pri:3, instance:testScenarios.DisplayBookshelves@38102d01]" name="mouseHoverToPriceFilter" class="testScenarios.DisplayBookshelves"/>
        <method signature="DisplayBookshelves.mouseHoverToStrogeTypFilter()[pri:6, instance:testScenarios.DisplayBookshelves@38102d01]" name="mouseHoverToStrogeTypFilter" class="testScenarios.DisplayBookshelves"/>
        <method signature="DisplayBookshelves.openAsStorageType()[pri:7, instance:testScenarios.DisplayBookshelves@38102d01]" name="openAsStorageType" class="testScenarios.DisplayBookshelves"/>
        <method signature="DisplayBookshelves.screenShotOfBookShelves()[pri:11, instance:testScenarios.DisplayBookshelves@38102d01]" name="screenShotOfBookShelves" class="testScenarios.DisplayBookshelves"/>
        <method signature="DisplayBookshelves.testCaseReadJSON()[pri:0, instance:testScenarios.DisplayBookshelves@38102d01]" name="testCaseReadJSON" class="testScenarios.DisplayBookshelves"/>
        <method signature="DisplayBookshelves.waitForDragAndDropVisibility()[pri:4, instance:testScenarios.DisplayBookshelves@38102d01]" name="waitForDragAndDropVisibility" class="testScenarios.DisplayBookshelves"/>
      </group> <!-- Smoke Test one -->
      <group name="Regression Test one">
        <method signature="DisplayBookshelves.byAtHomeBookShelvesList()[pri:14, instance:testScenarios.DisplayBookshelves@57250572]" name="byAtHomeBookShelvesList" class="testScenarios.DisplayBookshelves"/>
        <method signature="DisplayBookshelves.clickOnByAtHomeAsBrand()[pri:13, instance:testScenarios.DisplayBookshelves@57250572]" name="clickOnByAtHomeAsBrand" class="testScenarios.DisplayBookshelves"/>
        <method signature="DisplayBookshelves.displayingByAtHomeBookShelves()[pri:15, instance:testScenarios.DisplayBookshelves@57250572]" name="displayingByAtHomeBookShelves" class="testScenarios.DisplayBookshelves"/>
        <method signature="DisplayBookshelves.mouseHoverOfBrandFilter()[pri:12, instance:testScenarios.DisplayBookshelves@57250572]" name="mouseHoverOfBrandFilter" class="testScenarios.DisplayBookshelves"/>
        <method signature="DisplayBookshelves.screenShotOfByAtHomeBookShelves()[pri:16, instance:testScenarios.DisplayBookshelves@57250572]" name="screenShotOfByAtHomeBookShelves" class="testScenarios.DisplayBookshelves"/>
      </group> <!-- Regression Test one -->
    </groups>
    <test started-at="2022-03-28T14:06:19Z" name="Smoke Test one" finished-at="2022-03-28T14:06:44Z" duration-ms="24305">
      <class name="testScenarios.DisplayBookshelves">
        <test-method is-config="true" signature="driverConfig()[pri:0, instance:testScenarios.DisplayBookshelves@38102d01]" started-at="2022-03-28T14:06:19Z" name="driverConfig" finished-at="2022-03-28T14:06:26Z" duration-ms="6895" status="PASS">
          <reporter-output>
          </reporter-output>
        </test-method> <!-- driverConfig -->
        <test-method is-config="true" signature="screenRecordStart()[pri:0, instance:testScenarios.DisplayBookshelves@38102d01]" started-at="2022-03-28T14:06:26Z" name="screenRecordStart" finished-at="2022-03-28T14:06:26Z" duration-ms="340" status="PASS">
          <reporter-output>
          </reporter-output>
        </test-method> <!-- screenRecordStart -->
        <test-method signature="testCaseReadJSON()[pri:0, instance:testScenarios.DisplayBookshelves@38102d01]" started-at="2022-03-28T14:06:26Z" name="testCaseReadJSON" finished-at="2022-03-28T14:06:27Z" duration-ms="51" status="PASS">
          <reporter-output>
          </reporter-output>
        </test-method> <!-- testCaseReadJSON -->
        <test-method signature="clickOnBookShelvesMenu()[pri:1, instance:testScenarios.DisplayBookshelves@38102d01]" started-at="2022-03-28T14:06:27Z" name="clickOnBookShelvesMenu" finished-at="2022-03-28T14:06:30Z" duration-ms="3842" status="PASS">
          <reporter-output>
          </reporter-output>
        </test-method> <!-- clickOnBookShelvesMenu -->
        <test-method signature="closePopUp()[pri:2, instance:testScenarios.DisplayBookshelves@38102d01]" started-at="2022-03-28T14:06:30Z" name="closePopUp" finished-at="2022-03-28T14:06:33Z" duration-ms="2853" status="PASS">
          <reporter-output>
          </reporter-output>
        </test-method> <!-- closePopUp -->
        <test-method signature="mouseHoverToPriceFilter()[pri:3, instance:testScenarios.DisplayBookshelves@38102d01]" started-at="2022-03-28T14:06:33Z" name="mouseHoverToPriceFilter" finished-at="2022-03-28T14:06:34Z" duration-ms="685" status="PASS">
          <reporter-output>
          </reporter-output>
        </test-method> <!-- mouseHoverToPriceFilter -->
        <test-method signature="waitForDragAndDropVisibility()[pri:4, instance:testScenarios.DisplayBookshelves@38102d01]" started-at="2022-03-28T14:06:34Z" name="waitForDragAndDropVisibility" finished-at="2022-03-28T14:06:34Z" duration-ms="201" status="PASS">
          <reporter-output>
          </reporter-output>
        </test-method> <!-- waitForDragAndDropVisibility -->
        <test-method signature="dragAndDropOfPriceFilter()[pri:5, instance:testScenarios.DisplayBookshelves@38102d01]" started-at="2022-03-28T14:06:34Z" name="dragAndDropOfPriceFilter" finished-at="2022-03-28T14:06:35Z" duration-ms="1193" status="PASS">
          <reporter-output>
          </reporter-output>
        </test-method> <!-- dragAndDropOfPriceFilter -->
        <test-method signature="mouseHoverToStrogeTypFilter()[pri:6, instance:testScenarios.DisplayBookshelves@38102d01]" started-at="2022-03-28T14:06:35Z" name="mouseHoverToStrogeTypFilter" finished-at="2022-03-28T14:06:36Z" duration-ms="170" status="PASS">
          <reporter-output>
          </reporter-output>
        </test-method> <!-- mouseHoverToStrogeTypFilter -->
        <test-method signature="openAsStorageType()[pri:7, instance:testScenarios.DisplayBookshelves@38102d01]" started-at="2022-03-28T14:06:36Z" name="openAsStorageType" finished-at="2022-03-28T14:06:36Z" duration-ms="68" status="PASS">
          <reporter-output>
          </reporter-output>
        </test-method> <!-- openAsStorageType -->
        <test-method signature="enablingExcludeOutOfStock()[pri:8, instance:testScenarios.DisplayBookshelves@38102d01]" started-at="2022-03-28T14:06:36Z" name="enablingExcludeOutOfStock" finished-at="2022-03-28T14:06:36Z" duration-ms="48" status="PASS">
          <reporter-output>
          </reporter-output>
        </test-method> <!-- enablingExcludeOutOfStock -->
        <test-method signature="collectingBookShelvesList()[pri:9, instance:testScenarios.DisplayBookshelves@38102d01]" started-at="2022-03-28T14:06:36Z" name="collectingBookShelvesList" finished-at="2022-03-28T14:06:42Z" duration-ms="6857" status="PASS">
          <reporter-output>
          </reporter-output>
        </test-method> <!-- collectingBookShelvesList -->
        <test-method signature="displayingBookShelves()[pri:10, instance:testScenarios.DisplayBookshelves@38102d01]" started-at="2022-03-28T14:06:42Z" name="displayingBookShelves" finished-at="2022-03-28T14:06:42Z" duration-ms="1" status="PASS">
          <reporter-output>
          </reporter-output>
        </test-method> <!-- displayingBookShelves -->
        <test-method signature="screenShotOfBookShelves()[pri:11, instance:testScenarios.DisplayBookshelves@38102d01]" started-at="2022-03-28T14:06:42Z" name="screenShotOfBookShelves" finished-at="2022-03-28T14:06:44Z" duration-ms="1065" status="PASS">
          <reporter-output>
          </reporter-output>
        </test-method> <!-- screenShotOfBookShelves -->
      </class> <!-- testScenarios.DisplayBookshelves -->
    </test> <!-- Smoke Test one -->
    <test started-at="2022-03-28T14:06:44Z" name="Regression Test one" finished-at="2022-03-28T14:06:46Z" duration-ms="2408">
      <class name="testScenarios.DisplayBookshelves">
        <test-method signature="mouseHoverOfBrandFilter()[pri:12, instance:testScenarios.DisplayBookshelves@57250572]" started-at="2022-03-28T14:06:44Z" name="mouseHoverOfBrandFilter" finished-at="2022-03-28T14:06:44Z" duration-ms="198" status="PASS">
          <reporter-output>
          </reporter-output>
        </test-method> <!-- mouseHoverOfBrandFilter -->
        <test-method signature="clickOnByAtHomeAsBrand()[pri:13, instance:testScenarios.DisplayBookshelves@57250572]" started-at="2022-03-28T14:06:44Z" name="clickOnByAtHomeAsBrand" finished-at="2022-03-28T14:06:44Z" duration-ms="143" status="PASS">
          <reporter-output>
          </reporter-output>
        </test-method> <!-- clickOnByAtHomeAsBrand -->
        <test-method signature="byAtHomeBookShelvesList()[pri:14, instance:testScenarios.DisplayBookshelves@57250572]" started-at="2022-03-28T14:06:44Z" name="byAtHomeBookShelvesList" finished-at="2022-03-28T14:06:44Z" duration-ms="427" status="PASS">
          <reporter-output>
          </reporter-output>
        </test-method> <!-- byAtHomeBookShelvesList -->
        <test-method signature="displayingByAtHomeBookShelves()[pri:15, instance:testScenarios.DisplayBookshelves@57250572]" started-at="2022-03-28T14:06:44Z" name="displayingByAtHomeBookShelves" finished-at="2022-03-28T14:06:45Z" duration-ms="307" status="PASS">
          <reporter-output>
          </reporter-output>
        </test-method> <!-- displayingByAtHomeBookShelves -->
        <test-method signature="screenShotOfByAtHomeBookShelves()[pri:16, instance:testScenarios.DisplayBookshelves@57250572]" started-at="2022-03-28T14:06:45Z" name="screenShotOfByAtHomeBookShelves" finished-at="2022-03-28T14:06:46Z" duration-ms="1322" status="PASS">
          <reporter-output>
          </reporter-output>
        </test-method> <!-- screenShotOfByAtHomeBookShelves -->
      </class> <!-- testScenarios.DisplayBookshelves -->
    </test> <!-- Regression Test one -->
    <test started-at="2022-03-28T14:06:46Z" name="Smoke Test two" finished-at="2022-03-28T14:06:59Z" duration-ms="12525">
      <class name="testScenarios.DisplayBookshelves">
        <test-method signature="waitForGiftCardVisibility()[pri:17, instance:testScenarios.DisplayBookshelves@11fc564b]" started-at="2022-03-28T14:06:46Z" name="waitForGiftCardVisibility" finished-at="2022-03-28T14:06:47Z" duration-ms="511" status="PASS">
          <reporter-output>
          </reporter-output>
        </test-method> <!-- waitForGiftCardVisibility -->
        <test-method signature="clickOnGiftCard()[pri:18, instance:testScenarios.DisplayBookshelves@11fc564b]" started-at="2022-03-28T14:06:47Z" name="clickOnGiftCard" finished-at="2022-03-28T14:06:50Z" duration-ms="3280" status="PASS">
          <reporter-output>
          </reporter-output>
        </test-method> <!-- clickOnGiftCard -->
        <test-method signature="clickOnBirthdayOrAnniversary()[pri:19, instance:testScenarios.DisplayBookshelves@11fc564b]" started-at="2022-03-28T14:06:50Z" name="clickOnBirthdayOrAnniversary" finished-at="2022-03-28T14:06:50Z" duration-ms="305" status="PASS">
          <reporter-output>
          </reporter-output>
        </test-method> <!-- clickOnBirthdayOrAnniversary -->
        <test-method signature="enteringAmount()[pri:20, instance:testScenarios.DisplayBookshelves@11fc564b]" started-at="2022-03-28T14:06:50Z" name="enteringAmount" finished-at="2022-03-28T14:06:51Z" duration-ms="566" status="PASS">
          <reporter-output>
          </reporter-output>
        </test-method> <!-- enteringAmount -->
        <test-method signature="clickOnNext()[pri:21, instance:testScenarios.DisplayBookshelves@11fc564b]" started-at="2022-03-28T14:06:51Z" name="clickOnNext" finished-at="2022-03-28T14:06:51Z" duration-ms="183" status="PASS">
          <reporter-output>
          </reporter-output>
        </test-method> <!-- clickOnNext -->
        <test-method signature="enterRecipientName()[pri:22, instance:testScenarios.DisplayBookshelves@11fc564b]" started-at="2022-03-28T14:06:51Z" name="enterRecipientName" finished-at="2022-03-28T14:06:51Z" duration-ms="365" status="PASS">
          <reporter-output>
          </reporter-output>
        </test-method> <!-- enterRecipientName -->
        <test-method signature="enterRecipientEmail()[pri:23, instance:testScenarios.DisplayBookshelves@11fc564b]" started-at="2022-03-28T14:06:51Z" name="enterRecipientEmail" finished-at="2022-03-28T14:06:52Z" duration-ms="202" status="PASS">
          <reporter-output>
          </reporter-output>
        </test-method> <!-- enterRecipientEmail -->
        <test-method signature="enterCustomerName()[pri:24, instance:testScenarios.DisplayBookshelves@11fc564b]" started-at="2022-03-28T14:06:52Z" name="enterCustomerName" finished-at="2022-03-28T14:06:52Z" duration-ms="437" status="PASS">
          <reporter-output>
          </reporter-output>
        </test-method> <!-- enterCustomerName -->
        <test-method signature="enterCustomerEmail()[pri:25, instance:testScenarios.DisplayBookshelves@11fc564b]" started-at="2022-03-28T14:06:52Z" name="enterCustomerEmail" finished-at="2022-03-28T14:06:52Z" duration-ms="239" status="PASS">
          <reporter-output>
          </reporter-output>
        </test-method> <!-- enterCustomerEmail -->
        <test-method signature="enterCustomerMobileNumber()[pri:26, instance:testScenarios.DisplayBookshelves@11fc564b]" started-at="2022-03-28T14:06:52Z" name="enterCustomerMobileNumber" finished-at="2022-03-28T14:06:52Z" duration-ms="310" status="PASS">
          <reporter-output>
          </reporter-output>
        </test-method> <!-- enterCustomerMobileNumber -->
        <test-method signature="enterMessage()[pri:27, instance:testScenarios.DisplayBookshelves@11fc564b]" started-at="2022-03-28T14:06:52Z" name="enterMessage" finished-at="2022-03-28T14:06:53Z" duration-ms="196" status="PASS">
          <reporter-output>
          </reporter-output>
        </test-method> <!-- enterMessage -->
        <test-method signature="clickOnConfirm()[pri:28, instance:testScenarios.DisplayBookshelves@11fc564b]" started-at="2022-03-28T14:06:53Z" name="clickOnConfirm" finished-at="2022-03-28T14:06:53Z" duration-ms="221" status="PASS">
          <reporter-output>
          </reporter-output>
        </test-method> <!-- clickOnConfirm -->
        <test-method signature="screenShotOfErrorMessage()[pri:29, instance:testScenarios.DisplayBookshelves@11fc564b]" started-at="2022-03-28T14:06:53Z" name="screenShotOfErrorMessage" finished-at="2022-03-28T14:06:54Z" duration-ms="936" status="PASS">
          <reporter-output>
          </reporter-output>
        </test-method> <!-- screenShotOfErrorMessage -->
        <test-method signature="displayErrorMessage()[pri:30, instance:testScenarios.DisplayBookshelves@11fc564b]" started-at="2022-03-28T14:06:54Z" name="displayErrorMessage" finished-at="2022-03-28T14:06:54Z" duration-ms="48" status="PASS">
          <reporter-output>
          </reporter-output>
        </test-method> <!-- displayErrorMessage -->
        <test-method is-config="true" signature="closingBrowser()[pri:0, instance:testScenarios.DisplayBookshelves@11fc564b]" started-at="2022-03-28T14:06:54Z" name="closingBrowser" finished-at="2022-03-28T14:06:58Z" duration-ms="4589" status="PASS">
          <reporter-output>
          </reporter-output>
        </test-method> <!-- closingBrowser -->
        <test-method is-config="true" signature="screenRecordStop()[pri:0, instance:testScenarios.DisplayBookshelves@11fc564b]" started-at="2022-03-28T14:06:58Z" name="screenRecordStop" finished-at="2022-03-28T14:06:59Z" duration-ms="123" status="PASS">
          <reporter-output>
          </reporter-output>
        </test-method> <!-- screenRecordStop -->
      </class> <!-- testScenarios.DisplayBookshelves -->
    </test> <!-- Smoke Test two -->
  </suite> <!-- Funtional Testing -->
</testng-results>
