<?xml version="1.0" encoding="UTF-8"?>
<!-- Generated by org.testng.reporters.JUnitXMLReporter -->
<testsuite ignored="26" hostname="LAPTOP-R8VBPGHT" failures="0" tests="5" name="Regression Test one" time="2.063" errors="0" timestamp="2022-03-28T02:30:59 IST">
  <testcase classname="testScenarios.DisplayBookshelves" name="mouseHoverOfBrandFilter" time="0.16"/>
  <testcase classname="testScenarios.DisplayBookshelves" name="clickOnByAtHomeAsBrand" time="0.124"/>
  <testcase classname="testScenarios.DisplayBookshelves" name="byAtHomeBookShelvesList" time="0.315"/>
  <testcase classname="testScenarios.DisplayBookshelves" name="displayingByAtHomeBookShelves" time="0.478"/>
  <testcase classname="testScenarios.DisplayBookshelves" name="screenShotOfByAtHomeBookShelves" time="0.963"/>
  <testcase classname="testScenarios.DisplayBookshelves" name="enterMessage" time="0.0">
    <ignored/>
  </testcase> <!-- enterMessage -->
  <testcase classname="testScenarios.DisplayBookshelves" name="screenShotOfErrorMessage" time="0.0">
    <ignored/>
  </testcase> <!-- screenShotOfErrorMessage -->
  <testcase classname="testScenarios.DisplayBookshelves" name="mouseHoverToPriceFilter" time="0.0">
    <ignored/>
  </testcase> <!-- mouseHoverToPriceFilter -->
  <testcase classname="testScenarios.DisplayBookshelves" name="enterCustomerEmail" time="0.0">
    <ignored/>
  </testcase> <!-- enterCustomerEmail -->
  <testcase classname="testScenarios.DisplayBookshelves" name="enteringAmount" time="0.0">
    <ignored/>
  </testcase> <!-- enteringAmount -->
  <testcase classname="testScenarios.DisplayBookshelves" name="screenShotOfBookShelves" time="0.0">
    <ignored/>
  </testcase> <!-- screenShotOfBookShelves -->
  <testcase classname="testScenarios.DisplayBookshelves" name="clickOnBirthdayOrAnniversary" time="0.0">
    <ignored/>
  </testcase> <!-- clickOnBirthdayOrAnniversary -->
  <testcase classname="testScenarios.DisplayBookshelves" name="displayErrorMessage" time="0.0">
    <ignored/>
  </testcase> <!-- displayErrorMessage -->
  <testcase classname="testScenarios.DisplayBookshelves" name="enablingExcludeOutOfStock" time="0.0">
    <ignored/>
  </testcase> <!-- enablingExcludeOutOfStock -->
  <testcase classname="testScenarios.DisplayBookshelves" name="dragAndDropOfPriceFilter" time="0.0">
    <ignored/>
  </testcase> <!-- dragAndDropOfPriceFilter -->
  <testcase classname="testScenarios.DisplayBookshelves" name="openAsStorageType" time="0.0">
    <ignored/>
  </testcase> <!-- openAsStorageType -->
  <testcase classname="testScenarios.DisplayBookshelves" name="mouseHoverToStrogeTypFilter" time="0.0">
    <ignored/>
  </testcase> <!-- mouseHoverToStrogeTypFilter -->
  <testcase classname="testScenarios.DisplayBookshelves" name="clickOnConfirm" time="0.0">
    <ignored/>
  </testcase> <!-- clickOnConfirm -->
  <testcase classname="testScenarios.DisplayBookshelves" name="enterCustomerMobileNumber" time="0.0">
    <ignored/>
  </testcase> <!-- enterCustomerMobileNumber -->
  <testcase classname="testScenarios.DisplayBookshelves" name="testCaseReadJSON" time="0.0">
    <ignored/>
  </testcase> <!-- testCaseReadJSON -->
  <testcase classname="testScenarios.DisplayBookshelves" name="displayingBookShelves" time="0.0">
    <ignored/>
  </testcase> <!-- displayingBookShelves -->
  <testcase classname="testScenarios.DisplayBookshelves" name="waitForDragAndDropVisibility" time="0.0">
    <ignored/>
  </testcase> <!-- waitForDragAndDropVisibility -->
  <testcase classname="testScenarios.DisplayBookshelves" name="clickOnNext" time="0.0">
    <ignored/>
  </testcase> <!-- clickOnNext -->
  <testcase classname="testScenarios.DisplayBookshelves" name="enterCustomerName" time="0.0">
    <ignored/>
  </testcase> <!-- enterCustomerName -->
  <testcase classname="testScenarios.DisplayBookshelves" name="collectingBookShelvesList" time="0.0">
    <ignored/>
  </testcase> <!-- collectingBookShelvesList -->
  <testcase classname="testScenarios.DisplayBookshelves" name="clickOnGiftCard" time="0.0">
    <ignored/>
  </testcase> <!-- clickOnGiftCard -->
  <testcase classname="testScenarios.DisplayBookshelves" name="waitForGiftCardVisibility" time="0.0">
    <ignored/>
  </testcase> <!-- waitForGiftCardVisibility -->
  <testcase classname="testScenarios.DisplayBookshelves" name="enterRecipientEmail" time="0.0">
    <ignored/>
  </testcase> <!-- enterRecipientEmail -->
  <testcase classname="testScenarios.DisplayBookshelves" name="closePopUp" time="0.0">
    <ignored/>
  </testcase> <!-- closePopUp -->
  <testcase classname="testScenarios.DisplayBookshelves" name="clickOnBookShelvesMenu" time="0.0">
    <ignored/>
  </testcase> <!-- clickOnBookShelvesMenu -->
  <testcase classname="testScenarios.DisplayBookshelves" name="enterRecipientName" time="0.0">
    <ignored/>
  </testcase> <!-- enterRecipientName -->
</testsuite> <!-- Regression Test one -->
