<?xml version="1.0" encoding="UTF-8"?>
<!-- Generated by org.testng.reporters.JUnitXMLReporter -->
<testsuite ignored="17" hostname="LAPTOP-R8VBPGHT" failures="0" tests="14" name="Smoke Test two" time="4.805" errors="0" timestamp="2022-03-28T02:31:04 IST">
  <testcase classname="testScenarios.DisplayBookshelves" name="waitForGiftCardVisibility" time="0.419"/>
  <testcase classname="testScenarios.DisplayBookshelves" name="clickOnGiftCard" time="1.457"/>
  <testcase classname="testScenarios.DisplayBookshelves" name="clickOnBirthdayOrAnniversary" time="0.248"/>
  <testcase classname="testScenarios.DisplayBookshelves" name="enteringAmount" time="0.238"/>
  <testcase classname="testScenarios.DisplayBookshelves" name="clickOnNext" time="0.105"/>
  <testcase classname="testScenarios.DisplayBookshelves" name="enterRecipientName" time="0.161"/>
  <testcase classname="testScenarios.DisplayBookshelves" name="enterRecipientEmail" time="0.196"/>
  <testcase classname="testScenarios.DisplayBookshelves" name="enterCustomerName" time="0.165"/>
  <testcase classname="testScenarios.DisplayBookshelves" name="enterCustomerEmail" time="0.17"/>
  <testcase classname="testScenarios.DisplayBookshelves" name="enterCustomerMobileNumber" time="0.141"/>
  <testcase classname="testScenarios.DisplayBookshelves" name="enterMessage" time="0.138"/>
  <testcase classname="testScenarios.DisplayBookshelves" name="clickOnConfirm" time="0.169"/>
  <testcase classname="testScenarios.DisplayBookshelves" name="screenShotOfErrorMessage" time="0.552"/>
  <testcase classname="testScenarios.DisplayBookshelves" name="displayErrorMessage" time="0.041"/>
  <testcase classname="testScenarios.DisplayBookshelves" name="mouseHoverToPriceFilter" time="0.0">
    <ignored/>
  </testcase> <!-- mouseHoverToPriceFilter -->
  <testcase classname="testScenarios.DisplayBookshelves" name="dragAndDropOfPriceFilter" time="0.0">
    <ignored/>
  </testcase> <!-- dragAndDropOfPriceFilter -->
  <testcase classname="testScenarios.DisplayBookshelves" name="openAsStorageType" time="0.0">
    <ignored/>
  </testcase> <!-- openAsStorageType -->
  <testcase classname="testScenarios.DisplayBookshelves" name="mouseHoverToStrogeTypFilter" time="0.0">
    <ignored/>
  </testcase> <!-- mouseHoverToStrogeTypFilter -->
  <testcase classname="testScenarios.DisplayBookshelves" name="displayingByAtHomeBookShelves" time="0.0">
    <ignored/>
  </testcase> <!-- displayingByAtHomeBookShelves -->
  <testcase classname="testScenarios.DisplayBookshelves" name="screenShotOfBookShelves" time="0.0">
    <ignored/>
  </testcase> <!-- screenShotOfBookShelves -->
  <testcase classname="testScenarios.DisplayBookshelves" name="testCaseReadJSON" time="0.0">
    <ignored/>
  </testcase> <!-- testCaseReadJSON -->
  <testcase classname="testScenarios.DisplayBookshelves" name="displayingBookShelves" time="0.0">
    <ignored/>
  </testcase> <!-- displayingBookShelves -->
  <testcase classname="testScenarios.DisplayBookshelves" name="clickOnByAtHomeAsBrand" time="0.0">
    <ignored/>
  </testcase> <!-- clickOnByAtHomeAsBrand -->
  <testcase classname="testScenarios.DisplayBookshelves" name="waitForDragAndDropVisibility" time="0.0">
    <ignored/>
  </testcase> <!-- waitForDragAndDropVisibility -->
  <testcase classname="testScenarios.DisplayBookshelves" name="mouseHoverOfBrandFilter" time="0.0">
    <ignored/>
  </testcase> <!-- mouseHoverOfBrandFilter -->
  <testcase classname="testScenarios.DisplayBookshelves" name="collectingBookShelvesList" time="0.0">
    <ignored/>
  </testcase> <!-- collectingBookShelvesList -->
  <testcase classname="testScenarios.DisplayBookshelves" name="byAtHomeBookShelvesList" time="0.0">
    <ignored/>
  </testcase> <!-- byAtHomeBookShelvesList -->
  <testcase classname="testScenarios.DisplayBookshelves" name="screenShotOfByAtHomeBookShelves" time="0.0">
    <ignored/>
  </testcase> <!-- screenShotOfByAtHomeBookShelves -->
  <testcase classname="testScenarios.DisplayBookshelves" name="enablingExcludeOutOfStock" time="0.0">
    <ignored/>
  </testcase> <!-- enablingExcludeOutOfStock -->
  <testcase classname="testScenarios.DisplayBookshelves" name="closePopUp" time="0.0">
    <ignored/>
  </testcase> <!-- closePopUp -->
  <testcase classname="testScenarios.DisplayBookshelves" name="clickOnBookShelvesMenu" time="0.0">
    <ignored/>
  </testcase> <!-- clickOnBookShelvesMenu -->
</testsuite> <!-- Smoke Test two -->
